2025/05/19--*--16/42/48--*--APP_RUNNING--*--INFO--*--Class is built for app_running
2025/05/19--*--16/44/05--*--APP_RUNNING--*--INFO--*--Class is built for app_running
2025/05/19--*--16/44/09--*--APP_RUNNING--*--INFO--*--Get requests going to run!!
2025/05/19--*--16/44/17--*--python_multipart.multipart--*--DEBUG--*--Calling on_field_start with no data
2025/05/19--*--16/44/17--*--python_multipart.multipart--*--DEBUG--*--Calling on_field_name with data[0:10]
2025/05/19--*--16/44/17--*--python_multipart.multipart--*--DEBUG--*--Calling on_field_data with data[11:13]
2025/05/19--*--16/44/17--*--python_multipart.multipart--*--DEBUG--*--Calling on_field_end with no data
2025/05/19--*--16/44/17--*--python_multipart.multipart--*--DEBUG--*--Calling on_field_start with no data
2025/05/19--*--16/44/17--*--python_multipart.multipart--*--DEBUG--*--Calling on_field_name with data[14:30]
2025/05/19--*--16/44/17--*--python_multipart.multipart--*--DEBUG--*--Calling on_field_data with data[31:33]
2025/05/19--*--16/44/17--*--python_multipart.multipart--*--DEBUG--*--Calling on_field_end with no data
2025/05/19--*--16/44/17--*--python_multipart.multipart--*--DEBUG--*--Calling on_field_start with no data
2025/05/19--*--16/44/17--*--python_multipart.multipart--*--DEBUG--*--Calling on_field_name with data[34:45]
2025/05/19--*--16/44/17--*--python_multipart.multipart--*--DEBUG--*--Calling on_field_data with data[46:48]
2025/05/19--*--16/44/17--*--python_multipart.multipart--*--DEBUG--*--Calling on_field_end with no data
2025/05/19--*--16/44/17--*--python_multipart.multipart--*--DEBUG--*--Calling on_field_start with no data
2025/05/19--*--16/44/17--*--python_multipart.multipart--*--DEBUG--*--Calling on_field_name with data[49:61]
2025/05/19--*--16/44/17--*--python_multipart.multipart--*--DEBUG--*--Calling on_field_data with data[62:65]
2025/05/19--*--16/44/17--*--python_multipart.multipart--*--DEBUG--*--Calling on_field_end with no data
2025/05/19--*--16/44/17--*--python_multipart.multipart--*--DEBUG--*--Calling on_field_start with no data
2025/05/19--*--16/44/17--*--python_multipart.multipart--*--DEBUG--*--Calling on_field_name with data[66:80]
2025/05/19--*--16/44/17--*--python_multipart.multipart--*--DEBUG--*--Calling on_field_data with data[81:83]
2025/05/19--*--16/44/17--*--python_multipart.multipart--*--DEBUG--*--Calling on_field_end with no data
2025/05/19--*--16/44/17--*--python_multipart.multipart--*--DEBUG--*--Calling on_end with no data
2025/05/19--*--16/44/17--*--APP_RUNNING--*--INFO--*--post requests response successfully
